Compilación iniciada a las 01/05/2015 11:24:17 a.m..
     1>Proyecto "C:\Users\Usuario\Documents\Alejo\universidad\Proyecto de Grado\Builds\VisualStudio2012\Proyecto de Grado.vcxproj" en el nodo 2 (Build destinos).
     1>InitializeBuildStatus:
         Se creará "Debug\Proyecto de Grado.unsuccessfulbuild" porque se especificó "AlwaysCreate".
       ClCompile:
         C:\Program Files (x86)\Microsoft Visual Studio 11.0\VC\bin\CL.exe /c /I..\..\JuceLibraryCode /I..\..\JuceLibraryCode\modules /ZI /nologo /W4 /WX- /MP /Od /Oy- /D WIN32 /D _WINDOWS /D DEBUG /D _DEBUG /D JUCER_VS2012_78A501F=1 /D JUCE_APP_VERSION=1.0.0 /D JUCE_APP_VERSION_HEX=0x10000 /Gm- /EHsc /MTd /GS /fp:precise /Zc:wchar_t /Zc:forScope /GR /Fo"Debug\\" /Fd"Debug\\vc110.pdb" /Gd /TP /analyze- /errorReport:prompt ..\..\Source\MainComponent.cpp
         MainComponent.cpp
     1>c:\users\usuario\documents\alejo\universidad\proyecto de grado\source\maincomponent.cpp(43): warning C4100: 'index' : parámetro formal sin referencia
     1>c:\users\usuario\documents\alejo\universidad\proyecto de grado\source\maincomponent.cpp(65): warning C4100: 'index' : parámetro formal sin referencia
     1>c:\users\usuario\documents\alejo\universidad\proyecto de grado\source\maincomponent.cpp(104): warning C4244: '=' : conversión de 'juce::int64' a 'int'; posible pérdida de datos
       ResourceCompile:
         Todas las salidas están actualizadas.
       Link:
         C:\Program Files (x86)\Microsoft Visual Studio 11.0\VC\bin\link.exe /ERRORREPORT:PROMPT /OUT:".\Debug\\Proyecto de Grado.exe" /NOLOGO kernel32.lib user32.lib gdi32.lib winspool.lib comdlg32.lib advapi32.lib shell32.lib ole32.lib oleaut32.lib uuid.lib odbc32.lib odbccp32.lib /NODEFAULTLIB:libcmt.lib /NODEFAULTLIB:msvcrt.lib /MANIFEST /MANIFESTUAC:"level='asInvoker' uiAccess='false'" /manifest:embed /DEBUG /PDB:"Debug\\Proyecto de Grado.pdb" /SUBSYSTEM:WINDOWS /LARGEADDRESSAWARE /TLBID:1 /DYNAMICBASE /NXCOMPAT /IMPLIB:".\Debug\Proyecto de Grado.lib" /MACHINE:X86 /SAFESEH:NO Debug\resources.res
         Debug\\MainComponent.obj
         Debug\\Main.obj
         Debug\\juce_audio_basics.obj
         Debug\\juce_audio_devices.obj
         Debug\\juce_audio_formats.obj
         Debug\\juce_audio_processors.obj
         Debug\\juce_audio_utils.obj
         Debug\\juce_core.obj
         Debug\\juce_cryptography.obj
         Debug\\juce_data_structures.obj
         Debug\\juce_events.obj
         Debug\\juce_graphics.obj
         Debug\\juce_gui_basics.obj
         Debug\\juce_gui_extra.obj
         Debug\\juce_opengl.obj
         Debug\\juce_video.obj
         Proyecto de Grado.vcxproj -> C:\Users\Usuario\Documents\Alejo\universidad\Proyecto de Grado\Builds\VisualStudio2012\.\Debug\Proyecto de Grado.exe
       FinalizeBuildStatus:
         Se eliminará el archivo "Debug\Proyecto de Grado.unsuccessfulbuild".
         Aplicando tarea Touch a "Debug\Proyecto de Grado.lastbuildstate".
     1>Compilación del proyecto terminada "C:\Users\Usuario\Documents\Alejo\universidad\Proyecto de Grado\Builds\VisualStudio2012\Proyecto de Grado.vcxproj" (Build destinos).

Compilación correcta.

Tiempo transcurrido 00:00:04.15
